2025-10-05 18:14:23, MOVE, v:1, k:enxugar, mode:PICK
2025-10-05 18:14:31, EXEC, v:1, k:enxugar, mode:FULL, rate:100
2025-10-05 18:24:51, MOVE, v:1, k:enxugar, mode:BACK
2025-10-05 18:24:58, MOVE, v:1, k:animal, mode:PICK
2025-10-05 19:24:48, EXEC, v:1, k:animal, mode:FULL, rate:0, size:55
2025-10-05 19:25:18, MOVE, v:1, k:animal, mode:PICK
2025-10-05 19:25:19, EXEC, v:1, k:animal, mode:FULL, rate:0
2025-10-05 19:25:28, EXEC, v:1, k:animal, mode:FREE
2025-10-05 19:28:58, EXEC, v:1, k:animal, mode:FULL, rate:0, size:58
2025-10-05 19:30:03, EXEC, v:1, k:animal, mode:FULL, rate:100, size:58
2025-10-05 19:30:56, MOVE, v:1, k:animal, mode:BACK
2025-10-05 19:31:07, MOVE, v:1, k:animal, mode:PICK
2025-10-05 19:31:11, MOVE, v:1, k:animal, mode:BACK
2025-10-05 19:31:56, SELF, v:1, k:animal, rate:100, iagen:2, alone:7, study:35
2025-10-05 19:32:48, MOVE, v:1, k:carro, mode:PICK
2025-10-05 20:07:17, EXEC, v:1, k:carro, mode:FULL, rate:0
2025-10-05 20:07:31, EXEC, v:1, k:carro, mode:FULL, rate:0
2025-10-05 20:08:46, EXEC, v:1, k:carro, mode:FULL, rate:0
2025-10-05 20:08:55, EXEC, v:1, k:carro, mode:FULL, rate:0, size:77
2025-10-05 20:24:27, EXEC, v:1, k:carro, mode:FULL, rate:0
2025-10-05 20:24:45, EXEC, v:1, k:carro, mode:FULL, rate:0, size:78
2025-10-05 20:37:52, EXEC, v:1, k:carro, mode:FULL, rate:0
2025-10-05 20:39:58, EXEC, v:1, k:carro, mode:FULL, rate:0
2025-10-05 22:29:10, EXEC, v:1, k:carro, mode:FULL, rate:0, size:66
2025-10-05 22:29:33, EXEC, v:1, k:carro, mode:FULL, rate:0
2025-10-05 22:30:10, EXEC, v:1, k:carro, mode:FULL, rate:0
2025-10-05 22:34:17, EXEC, v:1, k:carro, mode:FULL, rate:0
2025-10-05 22:34:30, EXEC, v:1, k:carro, mode:FULL, rate:0
2025-10-05 22:35:06, EXEC, v:1, k:carro, mode:FULL, rate:100, size:65
2025-10-05 22:35:16, MOVE, v:1, k:carro, mode:BACK
2025-10-05 22:35:41, SELF, v:1, k:carro, rate:100, human:2, alone:8, study:66
2025-10-05 22:35:45, MOVE, v:1, k:calculadora, mode:DOWN
2025-10-05 22:35:47, MOVE, v:1, k:calculadora, mode:PICK
2025-10-05 22:35:49, EXEC, v:1, k:calculadora, mode:FULL, rate:0, size:0
2025-10-05 22:41:25, EXEC, v:1, k:calculadora, mode:FULL, rate:0
2025-10-05 22:41:28, EXEC, v:1, k:calculadora, mode:FULL, rate:0
2025-10-05 22:42:30, EXEC, v:1, k:calculadora, mode:FULL, rate:100, size:61
2025-10-05 22:42:34, MOVE, v:1, k:calculadora, mode:BACK
2025-10-05 22:42:56, SELF, v:1, k:calculadora, rate:100, human:2, alone:10, study:15
